# JRE version: Java(TM) SE Runtime Environment (8.0_66-b18) (build 1.8.0_66-b18)
# Java VM: Java HotSpot(TM) 64-Bit Server VM (25.66-b18 mixed mode windows-amd64 compressed oops)
Heap:
 PSYoungGen      total 209920K, used 196347K [0x000000076b400000, 0x000000077d600000, 0x00000007c0000000)
  eden space 192512K, 92% used [0x000000076b400000,0x00000007762c2480,0x0000000777000000)
  from space 17408K, 99% used [0x000000077c500000,0x000000077d5fc970,0x000000077d600000)
  to   space 22528K, 0% used [0x000000077aa00000,0x000000077aa00000,0x000000077c000000)
 ParOldGen       total 124928K, used 26221K [0x00000006c1c00000, 0x00000006c9600000, 0x000000076b400000)
  object space 124928K, 20% used [0x00000006c1c00000,0x00000006c359b7d0,0x00000006c9600000)
 Metaspace       used 27797K, capacity 28578K, committed 28800K, reserved 1075200K
  class space    used 3166K, capacity 3334K, committed 3456K, reserved 1048576K
GC Heap History (10 events):
Event: 2.261 GC heap before
{Heap before GC invocations=3 (full 0):
 PSYoungGen      total 76288K, used 76285K [0x000000076b400000, 0x0000000774900000, 0x00000007c0000000)
  eden space 65536K, 100% used [0x000000076b400000,0x000000076f400000,0x000000076f400000)
  from space 10752K, 99% used [0x000000076fe80000,0x00000007708ff4a8,0x0000000770900000)
  to   space 10752K, 0% used [0x000000076f400000,0x000000076f400000,0x000000076fe80000)
 ParOldGen       total 175104K, used 1601K [0x00000006c1c00000, 0x00000006cc700000, 0x000000076b400000)
  object space 175104K, 0% used [0x00000006c1c00000,0x00000006c1d90658,0x00000006cc700000)
 Metaspace       used 15983K, capacity 16248K, committed 16384K, reserved 1062912K
  class space    used 1889K, capacity 1982K, committed 2048K, reserved 1048576K
Event: 2.272 GC heap after
Heap after GC invocations=3 (full 0):
 PSYoungGen      total 76288K, used 10728K [0x000000076b400000, 0x0000000774900000, 0x00000007c0000000)
  eden space 65536K, 0% used [0x000000076b400000,0x000000076b400000,0x000000076f400000)
  from space 10752K, 99% used [0x000000076f400000,0x000000076fe7a020,0x000000076fe80000)
  to   space 10752K, 0% used [0x0000000773e80000,0x0000000773e80000,0x0000000774900000)
 ParOldGen       total 175104K, used 6158K [0x00000006c1c00000, 0x00000006cc700000, 0x000000076b400000)
  object space 175104K, 3% used [0x00000006c1c00000,0x00000006c2203a50,0x00000006cc700000)
 Metaspace       used 15983K, capacity 16248K, committed 16384K, reserved 1062912K
  class space    used 1889K, capacity 1982K, committed 2048K, reserved 1048576K
}
Event: 2.705 GC heap before
{Heap before GC invocations=4 (full 0):
 PSYoungGen      total 76288K, used 76264K [0x000000076b400000, 0x0000000774900000, 0x00000007c0000000)
  eden space 65536K, 100% used [0x000000076b400000,0x000000076f400000,0x000000076f400000)
  from space 10752K, 99% used [0x000000076f400000,0x000000076fe7a020,0x000000076fe80000)
  to   space 10752K, 0% used [0x0000000773e80000,0x0000000773e80000,0x0000000774900000)
 ParOldGen       total 175104K, used 6158K [0x00000006c1c00000, 0x00000006cc700000, 0x000000076b400000)
  object space 175104K, 3% used [0x00000006c1c00000,0x00000006c2203a50,0x00000006cc700000)
 Metaspace       used 17086K, capacity 17538K, committed 17792K, reserved 1064960K
  class space    used 1999K, capacity 2089K, committed 2176K, reserved 1048576K
Event: 2.719 GC heap after
Heap after GC invocations=4 (full 0):
 PSYoungGen      total 141824K, used 10728K [0x000000076b400000, 0x0000000774900000, 0x00000007c0000000)
  eden space 131072K, 0% used [0x000000076b400000,0x000000076b400000,0x0000000773400000)
  from space 10752K, 99% used [0x0000000773e80000,0x00000007748fa040,0x0000000774900000)
  to   space 10752K, 0% used [0x0000000773400000,0x0000000773400000,0x0000000773e80000)
 ParOldGen       total 175104K, used 11082K [0x00000006c1c00000, 0x00000006cc700000, 0x000000076b400000)
  object space 175104K, 6% used [0x00000006c1c00000,0x00000006c26d29c0,0x00000006cc700000)
 Metaspace       used 17086K, capacity 17538K, committed 17792K, reserved 1064960K
  class space    used 1999K, capacity 2089K, committed 2176K, reserved 1048576K
}
Event: 3.031 GC heap before
{Heap before GC invocations=5 (full 0):
 PSYoungGen      total 141824K, used 37734K [0x000000076b400000, 0x0000000774900000, 0x00000007c0000000)
  eden space 131072K, 20% used [0x000000076b400000,0x000000076ce5f950,0x0000000773400000)
  from space 10752K, 99% used [0x0000000773e80000,0x00000007748fa040,0x0000000774900000)
  to   space 10752K, 0% used [0x0000000773400000,0x0000000773400000,0x0000000773e80000)
 ParOldGen       total 175104K, used 11082K [0x00000006c1c00000, 0x00000006cc700000, 0x000000076b400000)
  object space 175104K, 6% used [0x00000006c1c00000,0x00000006c26d29c0,0x00000006cc700000)
 Metaspace       used 20629K, capacity 21094K, committed 21296K, reserved 1069056K
  class space    used 2470K, capacity 2617K, committed 2688K, reserved 1048576K
Event: 3.042 GC heap after
Heap after GC invocations=5 (full 0):
 PSYoungGen      total 141824K, used 10747K [0x000000076b400000, 0x000000077d600000, 0x00000007c0000000)
  eden space 131072K, 0% used [0x000000076b400000,0x000000076b400000,0x0000000773400000)
  from space 10752K, 99% used [0x0000000773400000,0x0000000773e7ef10,0x0000000773e80000)
  to   space 17408K, 0% used [0x000000077c500000,0x000000077c500000,0x000000077d600000)
 ParOldGen       total 175104K, used 12931K [0x00000006c1c00000, 0x00000006cc700000, 0x000000076b400000)
  object space 175104K, 7% used [0x00000006c1c00000,0x00000006c28a0ca8,0x00000006cc700000)
 Metaspace       used 20629K, capacity 21094K, committed 21296K, reserved 1069056K
  class space    used 2470K, capacity 2617K, committed 2688K, reserved 1048576K
}
Event: 3.042 GC heap before
{Heap before GC invocations=6 (full 1):
 PSYoungGen      total 141824K, used 10747K [0x000000076b400000, 0x000000077d600000, 0x00000007c0000000)
  eden space 131072K, 0% used [0x000000076b400000,0x000000076b400000,0x0000000773400000)
  from space 10752K, 99% used [0x0000000773400000,0x0000000773e7ef10,0x0000000773e80000)
  to   space 17408K, 0% used [0x000000077c500000,0x000000077c500000,0x000000077d600000)
 ParOldGen       total 175104K, used 12931K [0x00000006c1c00000, 0x00000006cc700000, 0x000000076b400000)
  object space 175104K, 7% used [0x00000006c1c00000,0x00000006c28a0ca8,0x00000006cc700000)
 Metaspace       used 20629K, capacity 21094K, committed 21296K, reserved 1069056K
  class space    used 2470K, capacity 2617K, committed 2688K, reserved 1048576K
Event: 3.112 GC heap after
Heap after GC invocations=6 (full 1):
 PSYoungGen      total 141824K, used 0K [0x000000076b400000, 0x000000077d600000, 0x00000007c0000000)
  eden space 131072K, 0% used [0x000000076b400000,0x000000076b400000,0x0000000773400000)
  from space 10752K, 0% used [0x0000000773400000,0x0000000773400000,0x0000000773e80000)
  to   space 17408K, 0% used [0x000000077c500000,0x000000077c500000,0x000000077d600000)
 ParOldGen       total 124928K, used 20158K [0x00000006c1c00000, 0x00000006c9600000, 0x000000076b400000)
  object space 124928K, 16% used [0x00000006c1c00000,0x00000006c2faf9c0,0x00000006c9600000)
 Metaspace       used 20629K, capacity 21094K, committed 21296K, reserved 1069056K
  class space    used 2470K, capacity 2617K, committed 2688K, reserved 1048576K
}
Event: 4.273 GC heap before
{Heap before GC invocations=7 (full 1):
 PSYoungGen      total 141824K, used 131072K [0x000000076b400000, 0x000000077d600000, 0x00000007c0000000)
  eden space 131072K, 100% used [0x000000076b400000,0x0000000773400000,0x0000000773400000)
  from space 10752K, 0% used [0x0000000773400000,0x0000000773400000,0x0000000773e80000)
  to   space 17408K, 0% used [0x000000077c500000,0x000000077c500000,0x000000077d600000)
 ParOldGen       total 124928K, used 20158K [0x00000006c1c00000, 0x00000006c9600000, 0x000000076b400000)
  object space 124928K, 16% used [0x00000006c1c00000,0x00000006c2faf9c0,0x00000006c9600000)
 Metaspace       used 23409K, capacity 23910K, committed 24064K, reserved 1071104K
  class space    used 2672K, capacity 2809K, committed 2816K, reserved 1048576K
Event: 4.287 GC heap after
Heap after GC invocations=7 (full 1):
 PSYoungGen      total 209920K, used 17394K [0x000000076b400000, 0x000000077d600000, 0x00000007c0000000)
  eden space 192512K, 0% used [0x000000076b400000,0x000000076b400000,0x0000000777000000)
  from space 17408K, 99% used [0x000000077c500000,0x000000077d5fc970,0x000000077d600000)
  to   space 22528K, 0% used [0x000000077aa00000,0x000000077aa00000,0x000000077c000000)
 ParOldGen       total 124928K, used 26221K [0x00000006c1c00000, 0x00000006c9600000, 0x000000076b400000)
  object space 124928K, 20% used [0x00000006c1c00000,0x00000006c359b7d0,0x00000006c9600000)
 Metaspace       used 23409K, capacity 23910K, committed 24064K, reserved 1071104K
  class space    used 2672K, capacity 2809K, committed 2816K, reserved 1048576K
}

